2016-04-01T21:38:46+00:00 cuckoo#04 I: Start test suite:3:no_free_vars.
2016-04-01T21:38:46+00:00 cuckoo#04 I: Test suite:3:no_free_vars is successful.
2016-04-01T21:38:46+00:00 cuckoo#04 I: End test suite:3:no_free_vars.
2016-04-01T21:38:46+00:00 cuckoo#04 I: Start test suite:6:nested_lambda1.
2016-04-01T21:38:47+00:00 cuckoo#04 I: Test suite:6:nested_lambda1 is successful.
2016-04-01T21:38:47+00:00 cuckoo#04 I: End test suite:6:nested_lambda1.
2016-04-01T21:38:47+00:00 cuckoo#04 I: Start test suite:11:nested_lambda6.
2016-04-01T21:38:47+00:00 cuckoo#04 E: Test suite:11:nested_lambda6 has failed.
2016-04-01T21:38:47+00:00 cuckoo#04 E: expected: 86
2016-04-01T21:38:47+00:00 cuckoo#04 E: 
2016-04-01T21:38:47+00:00 cuckoo#04 E: but got: Error: Stdout: 86
2016-04-01T21:38:47+00:00 cuckoo#04 E: 
2016-04-01T21:38:47+00:00 cuckoo#04 E: Valgrind: 
2016-04-01T21:38:47+00:00 cuckoo#04 E: ==15092== Memcheck, a memory error detector
2016-04-01T21:38:47+00:00 cuckoo#04 E: ==15092== Copyright (C) 2002-2013, and GNU GPL'd, by Julian Seward et al.
2016-04-01T21:38:47+00:00 cuckoo#04 E: ==15092== Using Valgrind-3.10.1 and LibVEX; rerun with -h for copyright info
2016-04-01T21:38:47+00:00 cuckoo#04 E: ==15092== Command: output/nested_lambda6.run
2016-04-01T21:38:47+00:00 cuckoo#04 E: ==15092== 
2016-04-01T21:38:47+00:00 cuckoo#04 E: ==15092== Invalid write of size 4
2016-04-01T21:38:47+00:00 cuckoo#04 E: ==15092==    at 0x804896F: ??? (in /home/tkusuno1/cs75/labs/fdl-tkusuno1-tlai1/output/nested_lambda6.run)
2016-04-01T21:38:47+00:00 cuckoo#04 E: ==15092==    by 0x8048A5E: ??? (in /home/tkusuno1/cs75/labs/fdl-tkusuno1-tlai1/output/nested_lambda6.run)
2016-04-01T21:38:47+00:00 cuckoo#04 E: ==15092==    by 0x8048908: main (main.c:75)
2016-04-01T21:38:47+00:00 cuckoo#04 E: ==15092==  Address 0xfeae710c is on thread 1's stack
2016-04-01T21:38:47+00:00 cuckoo#04 E: ==15092==  4 bytes below stack pointer
2016-04-01T21:38:47+00:00 cuckoo#04 E: ==15092== 
2016-04-01T21:38:47+00:00 cuckoo#04 E: ==15092== Invalid read of size 4
2016-04-01T21:38:47+00:00 cuckoo#04 E: ==15092==    at 0x80489A6: ??? (in /home/tkusuno1/cs75/labs/fdl-tkusuno1-tlai1/output/nested_lambda6.run)
2016-04-01T21:38:47+00:00 cuckoo#04 E: ==15092==    by 0x8048A5E: ??? (in /home/tkusuno1/cs75/labs/fdl-tkusuno1-tlai1/output/nested_lambda6.run)
2016-04-01T21:38:47+00:00 cuckoo#04 E: ==15092==    by 0x8048908: main (main.c:75)
2016-04-01T21:38:47+00:00 cuckoo#04 E: ==15092==  Address 0xfeae710c is on thread 1's stack
2016-04-01T21:38:47+00:00 cuckoo#04 E: ==15092==  4 bytes below stack pointer
2016-04-01T21:38:47+00:00 cuckoo#04 E: ==15092== 
2016-04-01T21:38:47+00:00 cuckoo#04 E: ==15092== Invalid read of size 4
2016-04-01T21:38:47+00:00 cuckoo#04 E: ==15092==    at 0x80489C4: ??? (in /home/tkusuno1/cs75/labs/fdl-tkusuno1-tlai1/output/nested_lambda6.run)
2016-04-01T21:38:47+00:00 cuckoo#04 E: ==15092==    by 0x8048A5E: ??? (in /home/tkusuno1/cs75/labs/fdl-tkusuno1-tlai1/output/nested_lambda6.run)
2016-04-01T21:38:47+00:00 cuckoo#04 E: ==15092==    by 0x8048908: main (main.c:75)
2016-04-01T21:38:47+00:00 cuckoo#04 E: ==15092==  Address 0xfeae710c is on thread 1's stack
2016-04-01T21:38:47+00:00 cuckoo#04 E: ==15092==  4 bytes below stack pointer
2016-04-01T21:38:47+00:00 cuckoo#04 E: ==15092== 
2016-04-01T21:38:47+00:00 cuckoo#04 E: ==15092== 
2016-04-01T21:38:47+00:00 cuckoo#04 E: ==15092== HEAP SUMMARY:
2016-04-01T21:38:47+00:00 cuckoo#04 E: ==15092==     in use at exit: 0 bytes in 0 blocks
2016-04-01T21:38:47+00:00 cuckoo#04 E: ==15092==   total heap usage: 1 allocs, 1 frees, 400,000 bytes allocated
2016-04-01T21:38:47+00:00 cuckoo#04 E: ==15092== 
2016-04-01T21:38:47+00:00 cuckoo#04 E: ==15092== All heap blocks were freed -- no leaks are possible
2016-04-01T21:38:47+00:00 cuckoo#04 E: ==15092== 
2016-04-01T21:38:47+00:00 cuckoo#04 E: ==15092== For counts of detected and suppressed errors, rerun with: -v
2016-04-01T21:38:47+00:00 cuckoo#04 E: ==15092== ERROR SUMMARY: 3 errors from 3 contexts (suppressed: 0 from 0)
2016-04-01T21:38:47+00:00 cuckoo#04 E: 
2016-04-01T21:38:47+00:00 cuckoo#04 E:  in test suite:11:nested_lambda6.
2016-04-01T21:38:47+00:00 cuckoo#04 E: Raised at file "src/oUnitAssert.ml", line 45, characters 8-27
2016-04-01T21:38:47+00:00 cuckoo#04 E: Called from file "src/oUnitRunner.ml", line 46, characters 13-26
2016-04-01T21:38:47+00:00 cuckoo#04 E: 
2016-04-01T21:38:47+00:00 cuckoo#04 I: End test suite:11:nested_lambda6.
2016-04-01T21:38:47+00:00 cuckoo#04 I: Start test suite:18:freevars_ordering.
2016-04-01T21:38:48+00:00 cuckoo#04 I: Test suite:18:freevars_ordering is successful.
2016-04-01T21:38:48+00:00 cuckoo#04 I: End test suite:18:freevars_ordering.
